0 info it worked if it ends with ok
1 verbose cli [ 'C:\\Program Files\\nodejs\\node.exe',
1 verbose cli   'C:\\Program Files\\nodejs\\node_modules\\npm\\bin\\npm-cli.js',
1 verbose cli   'install',
1 verbose cli   'canvas',
1 verbose cli   '-g' ]
2 info using npm@3.10.3
3 info using node@v6.3.0
4 silly loadCurrentTree Starting
5 silly install loadCurrentTree
6 silly install readGlobalPackageData
7 silly fetchPackageMetaData canvas
8 silly fetchNamedPackageData canvas
9 silly mapToRegistry name canvas
10 silly mapToRegistry using default registry
11 silly mapToRegistry registry https://registry.npmjs.org/
12 silly mapToRegistry data Result {
12 silly mapToRegistry   raw: 'canvas',
12 silly mapToRegistry   scope: null,
12 silly mapToRegistry   escapedName: 'canvas',
12 silly mapToRegistry   name: 'canvas',
12 silly mapToRegistry   rawSpec: '',
12 silly mapToRegistry   spec: 'latest',
12 silly mapToRegistry   type: 'tag' }
13 silly mapToRegistry uri https://registry.npmjs.org/canvas
14 verbose request uri https://registry.npmjs.org/canvas
15 verbose request no auth needed
16 info attempt registry request try #1 at 17:49:58
17 verbose request id 9a37636cee04bb2d
18 verbose etag "8K73GG0V7TO7N3T6POE5AE0D6"
19 http request GET https://registry.npmjs.org/canvas
20 http 304 https://registry.npmjs.org/canvas
21 verbose headers { date: 'Sat, 23 Jul 2016 22:53:58 GMT',
21 verbose headers   via: '1.1 varnish',
21 verbose headers   'cache-control': 'max-age=300',
21 verbose headers   etag: '"8K73GG0V7TO7N3T6POE5AE0D6"',
21 verbose headers   age: '58',
21 verbose headers   connection: 'keep-alive',
21 verbose headers   'x-served-by': 'cache-mia1325-MIA',
21 verbose headers   'x-cache': 'HIT',
21 verbose headers   'x-cache-hits': '1',
21 verbose headers   'x-timer': 'S1469314438.650601,VS0,VE0',
21 verbose headers   vary: 'Accept-Encoding' }
22 silly get cb [ 304,
22 silly get   { date: 'Sat, 23 Jul 2016 22:53:58 GMT',
22 silly get     via: '1.1 varnish',
22 silly get     'cache-control': 'max-age=300',
22 silly get     etag: '"8K73GG0V7TO7N3T6POE5AE0D6"',
22 silly get     age: '58',
22 silly get     connection: 'keep-alive',
22 silly get     'x-served-by': 'cache-mia1325-MIA',
22 silly get     'x-cache': 'HIT',
22 silly get     'x-cache-hits': '1',
22 silly get     'x-timer': 'S1469314438.650601,VS0,VE0',
22 silly get     vary: 'Accept-Encoding' } ]
23 verbose etag https://registry.npmjs.org/canvas from cache
24 verbose get saving canvas to C:\Users\yan\AppData\Roaming\npm-cache\registry.npmjs.org\canvas\.cache.json
25 verbose correctMkdir C:\Users\yan\AppData\Roaming\npm-cache correctMkdir not in flight; initializing
26 silly install normalizeTree
27 silly loadCurrentTree Finishing
28 silly loadIdealTree Starting
29 silly install loadIdealTree
30 silly cloneCurrentTree Starting
31 silly install cloneCurrentTreeToIdealTree
32 silly cloneCurrentTree Finishing
33 silly loadShrinkwrap Starting
34 silly install loadShrinkwrap
35 silly loadShrinkwrap Finishing
36 silly loadAllDepsIntoIdealTree Starting
37 silly install loadAllDepsIntoIdealTree
38 silly resolveWithNewModule canvas@1.4.0 checking installable status
39 silly cache add args [ 'canvas', null ]
40 verbose cache add spec canvas
41 silly cache add parsed spec Result {
41 silly cache add   raw: 'canvas',
41 silly cache add   scope: null,
41 silly cache add   escapedName: 'canvas',
41 silly cache add   name: 'canvas',
41 silly cache add   rawSpec: '',
41 silly cache add   spec: 'latest',
41 silly cache add   type: 'tag' }
42 silly addNamed canvas@latest
43 verbose addNamed "latest" is being treated as a dist-tag for canvas
44 info addNameTag [ 'canvas', 'latest' ]
45 silly mapToRegistry name canvas
46 silly mapToRegistry using default registry
47 silly mapToRegistry registry https://registry.npmjs.org/
48 silly mapToRegistry data Result {
48 silly mapToRegistry   raw: 'canvas',
48 silly mapToRegistry   scope: null,
48 silly mapToRegistry   escapedName: 'canvas',
48 silly mapToRegistry   name: 'canvas',
48 silly mapToRegistry   rawSpec: '',
48 silly mapToRegistry   spec: 'latest',
48 silly mapToRegistry   type: 'tag' }
49 silly mapToRegistry uri https://registry.npmjs.org/canvas
50 verbose addNameTag registry:https://registry.npmjs.org/canvas not in flight; fetching
51 verbose get https://registry.npmjs.org/canvas not expired, no request
52 silly addNameTag next cb for canvas with tag latest
53 silly addNamed canvas@1.4.0
54 verbose addNamed "1.4.0" is a plain semver version for canvas
55 silly cache afterAdd canvas@1.4.0
56 verbose afterAdd C:\Users\yan\AppData\Roaming\npm-cache\canvas\1.4.0\package\package.json not in flight; writing
57 verbose correctMkdir C:\Users\yan\AppData\Roaming\npm-cache correctMkdir not in flight; initializing
58 verbose afterAdd C:\Users\yan\AppData\Roaming\npm-cache\canvas\1.4.0\package\package.json written
59 silly fetchNamedPackageData nan
60 silly mapToRegistry name nan
61 silly mapToRegistry using default registry
62 silly mapToRegistry registry https://registry.npmjs.org/
63 silly mapToRegistry data Result {
63 silly mapToRegistry   raw: 'nan',
63 silly mapToRegistry   scope: null,
63 silly mapToRegistry   escapedName: 'nan',
63 silly mapToRegistry   name: 'nan',
63 silly mapToRegistry   rawSpec: '',
63 silly mapToRegistry   spec: 'latest',
63 silly mapToRegistry   type: 'tag' }
64 silly mapToRegistry uri https://registry.npmjs.org/nan
65 verbose request uri https://registry.npmjs.org/nan
66 verbose request no auth needed
67 info attempt registry request try #1 at 17:49:59
68 verbose etag "2E1V908MEG33STFNV1760SLVP"
69 http request GET https://registry.npmjs.org/nan
70 http 304 https://registry.npmjs.org/nan
71 verbose headers { date: 'Sat, 23 Jul 2016 22:53:58 GMT',
71 verbose headers   via: '1.1 varnish',
71 verbose headers   'cache-control': 'max-age=300',
71 verbose headers   etag: '"2E1V908MEG33STFNV1760SLVP"',
71 verbose headers   age: '149',
71 verbose headers   connection: 'keep-alive',
71 verbose headers   'x-served-by': 'cache-mia1325-MIA',
71 verbose headers   'x-cache': 'HIT',
71 verbose headers   'x-cache-hits': '1',
71 verbose headers   'x-timer': 'S1469314438.879189,VS0,VE0',
71 verbose headers   vary: 'Accept-Encoding' }
72 silly get cb [ 304,
72 silly get   { date: 'Sat, 23 Jul 2016 22:53:58 GMT',
72 silly get     via: '1.1 varnish',
72 silly get     'cache-control': 'max-age=300',
72 silly get     etag: '"2E1V908MEG33STFNV1760SLVP"',
72 silly get     age: '149',
72 silly get     connection: 'keep-alive',
72 silly get     'x-served-by': 'cache-mia1325-MIA',
72 silly get     'x-cache': 'HIT',
72 silly get     'x-cache-hits': '1',
72 silly get     'x-timer': 'S1469314438.879189,VS0,VE0',
72 silly get     vary: 'Accept-Encoding' } ]
73 verbose etag https://registry.npmjs.org/nan from cache
74 verbose get saving nan to C:\Users\yan\AppData\Roaming\npm-cache\registry.npmjs.org\nan\.cache.json
75 verbose correctMkdir C:\Users\yan\AppData\Roaming\npm-cache correctMkdir not in flight; initializing
76 silly resolveWithNewModule nan@2.4.0 checking installable status
77 silly cache add args [ 'nan@^2.3.2', null ]
78 verbose cache add spec nan@^2.3.2
79 silly cache add parsed spec Result {
79 silly cache add   raw: 'nan@^2.3.2',
79 silly cache add   scope: null,
79 silly cache add   escapedName: 'nan',
79 silly cache add   name: 'nan',
79 silly cache add   rawSpec: '^2.3.2',
79 silly cache add   spec: '>=2.3.2 <3.0.0',
79 silly cache add   type: 'range' }
80 silly addNamed nan@>=2.3.2 <3.0.0
81 verbose addNamed ">=2.3.2 <3.0.0" is a valid semver range for nan
82 silly addNameRange { name: 'nan', range: '>=2.3.2 <3.0.0', hasData: false }
83 silly mapToRegistry name nan
84 silly mapToRegistry using default registry
85 silly mapToRegistry registry https://registry.npmjs.org/
86 silly mapToRegistry data Result {
86 silly mapToRegistry   raw: 'nan',
86 silly mapToRegistry   scope: null,
86 silly mapToRegistry   escapedName: 'nan',
86 silly mapToRegistry   name: 'nan',
86 silly mapToRegistry   rawSpec: '',
86 silly mapToRegistry   spec: 'latest',
86 silly mapToRegistry   type: 'tag' }
87 silly mapToRegistry uri https://registry.npmjs.org/nan
88 verbose addNameRange registry:https://registry.npmjs.org/nan not in flight; fetching
89 verbose get https://registry.npmjs.org/nan not expired, no request
90 silly addNameRange number 2 { name: 'nan', range: '>=2.3.2 <3.0.0', hasData: true }
91 silly addNameRange versions [ 'nan',
91 silly addNameRange   [ '0.3.0-wip',
91 silly addNameRange     '0.3.0-wip2',
91 silly addNameRange     '0.3.0',
91 silly addNameRange     '0.3.1',
91 silly addNameRange     '0.3.2',
91 silly addNameRange     '0.4.0',
91 silly addNameRange     '0.4.1',
91 silly addNameRange     '0.4.2',
91 silly addNameRange     '0.4.3',
91 silly addNameRange     '0.4.4',
91 silly addNameRange     '0.5.0',
91 silly addNameRange     '0.5.1',
91 silly addNameRange     '0.5.2',
91 silly addNameRange     '0.6.0',
91 silly addNameRange     '0.7.0',
91 silly addNameRange     '0.7.1',
91 silly addNameRange     '0.8.0',
91 silly addNameRange     '1.0.0',
91 silly addNameRange     '1.1.0',
91 silly addNameRange     '1.1.1',
91 silly addNameRange     '1.1.2',
91 silly addNameRange     '1.2.0',
91 silly addNameRange     '1.3.0',
91 silly addNameRange     '1.4.0',
91 silly addNameRange     '1.4.1',
91 silly addNameRange     '1.5.0',
91 silly addNameRange     '1.4.2',
91 silly addNameRange     '1.4.3',
91 silly addNameRange     '1.5.1',
91 silly addNameRange     '1.5.2',
91 silly addNameRange     '1.6.0',
91 silly addNameRange     '1.5.3',
91 silly addNameRange     '1.6.1',
91 silly addNameRange     '1.6.2',
91 silly addNameRange     '1.7.0',
91 silly addNameRange     '1.8.0',
91 silly addNameRange     '1.8.1',
91 silly addNameRange     '1.8.2',
91 silly addNameRange     '1.8.3',
91 silly addNameRange     '1.8.4',
91 silly addNameRange     '1.9.0',
91 silly addNameRange     '2.0.0',
91 silly addNameRange     '2.0.1',
91 silly addNameRange     '2.0.2',
91 silly addNameRange     '2.0.3',
91 silly addNameRange     '2.0.4',
91 silly addNameRange     '2.0.5',
91 silly addNameRange     '2.0.6',
91 silly addNameRange     '2.0.7',
91 silly addNameRange     '2.0.8',
91 silly addNameRange     '2.0.9',
91 silly addNameRange     '2.1.0',
91 silly addNameRange     '2.2.0',
91 silly addNameRange     '2.2.1',
91 silly addNameRange     '2.3.0',
91 silly addNameRange     '2.3.1',
91 silly addNameRange     '2.3.2',
91 silly addNameRange     '2.3.3',
91 silly addNameRange     '2.3.4',
91 silly addNameRange     '2.3.5',
91 silly addNameRange     '2.4.0' ] ]
92 silly addNamed nan@2.4.0
93 verbose addNamed "2.4.0" is a plain semver version for nan
94 silly cache afterAdd nan@2.4.0
95 verbose afterAdd C:\Users\yan\AppData\Roaming\npm-cache\nan\2.4.0\package\package.json not in flight; writing
96 verbose correctMkdir C:\Users\yan\AppData\Roaming\npm-cache correctMkdir not in flight; initializing
97 verbose afterAdd C:\Users\yan\AppData\Roaming\npm-cache\nan\2.4.0\package\package.json written
98 silly loadAllDepsIntoIdealTree Finishing
99 silly loadIdealTree Finishing
100 silly currentTree npm
101 silly idealTree npm
101 silly idealTree `-- canvas@1.4.0
101 silly idealTree   `-- nan@2.4.0
102 silly generateActionsToTake Starting
103 silly install generateActionsToTake
104 silly generateActionsToTake Finishing
105 silly diffTrees action count 2
106 silly diffTrees add nan@2.4.0
107 silly diffTrees add canvas@1.4.0
108 silly decomposeActions action count 16
109 silly decomposeActions fetch nan@2.4.0
110 silly decomposeActions extract nan@2.4.0
111 silly decomposeActions test nan@2.4.0
112 silly decomposeActions preinstall nan@2.4.0
113 silly decomposeActions build nan@2.4.0
114 silly decomposeActions install nan@2.4.0
115 silly decomposeActions postinstall nan@2.4.0
116 silly decomposeActions finalize nan@2.4.0
117 silly decomposeActions fetch canvas@1.4.0
118 silly decomposeActions extract canvas@1.4.0
119 silly decomposeActions test canvas@1.4.0
120 silly decomposeActions preinstall canvas@1.4.0
121 silly decomposeActions build canvas@1.4.0
122 silly decomposeActions install canvas@1.4.0
123 silly decomposeActions postinstall canvas@1.4.0
124 silly decomposeActions finalize canvas@1.4.0
125 silly executeActions Starting
126 silly install executeActions
127 silly doSerial global-install 0
128 silly doParallel fetch 2
129 verbose correctMkdir C:\Users\yan\AppData\Roaming\npm-cache\_locks correctMkdir not in flight; initializing
130 verbose lock using C:\Users\yan\AppData\Roaming\npm-cache\_locks\staging-c4dc7d72cac0af18.lock for C:\Users\yan\AppData\Roaming\npm\node_modules\.staging
131 silly doParallel extract 2
132 silly extract nan@2.4.0
133 silly extract canvas@1.4.0
134 verbose unbuild node_modules\.staging\nan-d0102703
135 verbose unbuild node_modules\.staging\canvas-b22926e2
136 silly gentlyRm C:\Users\yan\AppData\Roaming\npm\node_modules\.staging\nan-d0102703 is being purged from base C:\Users\yan\AppData\Roaming\npm
137 verbose gentlyRm don't care about contents; nuking C:\Users\yan\AppData\Roaming\npm\node_modules\.staging\nan-d0102703
138 silly gentlyRm C:\Users\yan\AppData\Roaming\npm\node_modules\.staging\canvas-b22926e2 is being purged from base C:\Users\yan\AppData\Roaming\npm
139 verbose gentlyRm don't care about contents; nuking C:\Users\yan\AppData\Roaming\npm\node_modules\.staging\canvas-b22926e2
140 verbose tar unpack C:\Users\yan\AppData\Roaming\npm-cache\nan\2.4.0\package.tgz
141 verbose tar unpacking to C:\Users\yan\AppData\Roaming\npm\node_modules\.staging\nan-d0102703
142 silly gentlyRm C:\Users\yan\AppData\Roaming\npm\node_modules\.staging\nan-d0102703 is being purged
143 verbose gentlyRm don't care about contents; nuking C:\Users\yan\AppData\Roaming\npm\node_modules\.staging\nan-d0102703
144 verbose tar unpack C:\Users\yan\AppData\Roaming\npm-cache\canvas\1.4.0\package.tgz
145 verbose tar unpacking to C:\Users\yan\AppData\Roaming\npm\node_modules\.staging\canvas-b22926e2
146 silly gentlyRm C:\Users\yan\AppData\Roaming\npm\node_modules\.staging\canvas-b22926e2 is being purged
147 verbose gentlyRm don't care about contents; nuking C:\Users\yan\AppData\Roaming\npm\node_modules\.staging\canvas-b22926e2
148 silly gunzTarPerm modes [ '777', '666' ]
149 silly gunzTarPerm modes [ '777', '666' ]
150 silly gunzTarPerm extractEntry package.json
151 silly gunzTarPerm modified mode [ 'package.json', 436, 438 ]
152 silly gunzTarPerm extractEntry package.json
153 silly gunzTarPerm modified mode [ 'package.json', 420, 438 ]
154 silly gunzTarPerm extractEntry README.md
155 silly gunzTarPerm modified mode [ 'README.md', 436, 438 ]
156 silly gunzTarPerm extractEntry .npmignore
157 silly gunzTarPerm modified mode [ '.npmignore', 420, 438 ]
158 silly gunzTarPerm extractEntry index.js
159 silly gunzTarPerm modified mode [ 'index.js', 420, 438 ]
160 silly gunzTarPerm extractEntry include_dirs.js
161 silly gunzTarPerm modified mode [ 'include_dirs.js', 436, 438 ]
162 silly gunzTarPerm extractEntry Readme.md
163 silly gunzTarPerm modified mode [ 'Readme.md', 420, 438 ]
164 silly gunzTarPerm extractEntry binding.gyp
165 silly gunzTarPerm modified mode [ 'binding.gyp', 493, 511 ]
166 silly gunzTarPerm extractEntry nan_callbacks_pre_12_inl.h
167 silly gunzTarPerm modified mode [ 'nan_callbacks_pre_12_inl.h', 436, 438 ]
168 silly gunzTarPerm extractEntry CHANGELOG.md
169 silly gunzTarPerm modified mode [ 'CHANGELOG.md', 436, 438 ]
170 silly gunzTarPerm extractEntry LICENSE.md
171 silly gunzTarPerm modified mode [ 'LICENSE.md', 436, 438 ]
172 silly gunzTarPerm extractEntry doc/node_misc.md
173 silly gunzTarPerm modified mode [ 'doc/node_misc.md', 436, 438 ]
174 silly gunzTarPerm extractEntry .travis.yml
175 silly gunzTarPerm modified mode [ '.travis.yml', 420, 438 ]
176 silly gunzTarPerm extractEntry doc/asyncworker.md
177 silly gunzTarPerm modified mode [ 'doc/asyncworker.md', 436, 438 ]
178 silly gunzTarPerm extractEntry doc/callback.md
179 silly gunzTarPerm modified mode [ 'doc/callback.md', 436, 438 ]
180 silly gunzTarPerm extractEntry lib/bindings.js
181 silly gunzTarPerm modified mode [ 'lib/bindings.js', 420, 438 ]
182 silly gunzTarPerm extractEntry lib/canvas.js
183 silly gunzTarPerm modified mode [ 'lib/canvas.js', 420, 438 ]
184 silly gunzTarPerm extractEntry doc/converters.md
185 silly gunzTarPerm modified mode [ 'doc/converters.md', 436, 438 ]
186 silly gunzTarPerm extractEntry doc/errors.md
187 silly gunzTarPerm modified mode [ 'doc/errors.md', 436, 438 ]
188 silly gunzTarPerm extractEntry lib/context2d.js
189 silly gunzTarPerm modified mode [ 'lib/context2d.js', 420, 438 ]
190 silly gunzTarPerm extractEntry lib/image.js
191 silly gunzTarPerm modified mode [ 'lib/image.js', 420, 438 ]
192 silly gunzTarPerm extractEntry doc/maybe_types.md
193 silly gunzTarPerm modified mode [ 'doc/maybe_types.md', 436, 438 ]
194 silly gunzTarPerm extractEntry doc/methods.md
195 silly gunzTarPerm modified mode [ 'doc/methods.md', 436, 438 ]
196 silly gunzTarPerm extractEntry lib/jpegstream.js
197 silly gunzTarPerm modified mode [ 'lib/jpegstream.js', 420, 438 ]
198 silly gunzTarPerm extractEntry lib/pngstream.js
199 silly gunzTarPerm modified mode [ 'lib/pngstream.js', 420, 438 ]
200 silly gunzTarPerm extractEntry doc/new.md
201 silly gunzTarPerm modified mode [ 'doc/new.md', 436, 438 ]
202 silly gunzTarPerm extractEntry doc/buffers.md
203 silly gunzTarPerm modified mode [ 'doc/buffers.md', 436, 438 ]
204 silly gunzTarPerm extractEntry History.md
205 silly gunzTarPerm modified mode [ 'History.md', 420, 438 ]
206 silly gunzTarPerm extractEntry src/Image.cc
207 silly gunzTarPerm modified mode [ 'src/Image.cc', 420, 438 ]
208 silly gunzTarPerm extractEntry doc/object_wrappers.md
209 silly gunzTarPerm modified mode [ 'doc/object_wrappers.md', 436, 438 ]
210 silly gunzTarPerm extractEntry doc/persistent.md
211 silly gunzTarPerm modified mode [ 'doc/persistent.md', 436, 438 ]
212 silly gunzTarPerm extractEntry src/Canvas.cc
213 silly gunzTarPerm modified mode [ 'src/Canvas.cc', 420, 438 ]
214 silly gunzTarPerm extractEntry src/CanvasGradient.cc
215 silly gunzTarPerm modified mode [ 'src/CanvasGradient.cc', 420, 438 ]
216 silly gunzTarPerm extractEntry doc/scopes.md
217 silly gunzTarPerm modified mode [ 'doc/scopes.md', 436, 438 ]
218 silly gunzTarPerm extractEntry src/CanvasGradient.h
219 silly gunzTarPerm modified mode [ 'src/CanvasGradient.h', 420, 438 ]
220 silly gunzTarPerm extractEntry src/CanvasPattern.cc
221 silly gunzTarPerm modified mode [ 'src/CanvasPattern.cc', 420, 438 ]
222 silly gunzTarPerm extractEntry doc/script.md
223 silly gunzTarPerm modified mode [ 'doc/script.md', 436, 438 ]
224 silly gunzTarPerm extractEntry doc/string_bytes.md
225 silly gunzTarPerm modified mode [ 'doc/string_bytes.md', 436, 438 ]
226 silly gunzTarPerm extractEntry src/CanvasPattern.h
227 silly gunzTarPerm modified mode [ 'src/CanvasPattern.h', 420, 438 ]
228 silly gunzTarPerm extractEntry src/CanvasRenderingContext2d.cc
229 silly gunzTarPerm modified mode [ 'src/CanvasRenderingContext2d.cc', 493, 511 ]
230 silly gunzTarPerm extractEntry doc/v8_internals.md
231 silly gunzTarPerm modified mode [ 'doc/v8_internals.md', 436, 438 ]
232 silly gunzTarPerm extractEntry doc/v8_misc.md
233 silly gunzTarPerm modified mode [ 'doc/v8_misc.md', 436, 438 ]
234 silly gunzTarPerm extractEntry src/CanvasRenderingContext2d.h
235 silly gunzTarPerm modified mode [ 'src/CanvasRenderingContext2d.h', 420, 438 ]
236 silly gunzTarPerm extractEntry src/FontFace.cc
237 silly gunzTarPerm modified mode [ 'src/FontFace.cc', 493, 511 ]
238 silly gunzTarPerm extractEntry nan.h
239 silly gunzTarPerm modified mode [ 'nan.h', 436, 438 ]
240 silly gunzTarPerm extractEntry nan_callbacks.h
241 silly gunzTarPerm modified mode [ 'nan_callbacks.h', 436, 438 ]
242 silly gunzTarPerm extractEntry src/FontFace.h
243 silly gunzTarPerm modified mode [ 'src/FontFace.h', 420, 438 ]
244 silly gunzTarPerm extractEntry src/Canvas.h
245 silly gunzTarPerm modified mode [ 'src/Canvas.h', 420, 438 ]
246 silly gunzTarPerm extractEntry nan_callbacks_12_inl.h
247 silly gunzTarPerm modified mode [ 'nan_callbacks_12_inl.h', 436, 438 ]
248 silly gunzTarPerm extractEntry nan_converters.h
249 silly gunzTarPerm modified mode [ 'nan_converters.h', 436, 438 ]
250 silly gunzTarPerm extractEntry nan_converters_43_inl.h
251 silly gunzTarPerm modified mode [ 'nan_converters_43_inl.h', 436, 438 ]
252 silly gunzTarPerm extractEntry nan_converters_pre_43_inl.h
253 silly gunzTarPerm modified mode [ 'nan_converters_pre_43_inl.h', 436, 438 ]
254 silly gunzTarPerm extractEntry src/Image.h
255 silly gunzTarPerm modified mode [ 'src/Image.h', 420, 438 ]
256 silly gunzTarPerm extractEntry src/ImageData.cc
257 silly gunzTarPerm modified mode [ 'src/ImageData.cc', 420, 438 ]
258 silly gunzTarPerm extractEntry src/ImageData.h
259 silly gunzTarPerm modified mode [ 'src/ImageData.h', 420, 438 ]
260 silly gunzTarPerm extractEntry nan_implementation_12_inl.h
261 silly gunzTarPerm modified mode [ 'nan_implementation_12_inl.h', 436, 438 ]
262 silly gunzTarPerm extractEntry nan_implementation_pre_12_inl.h
263 silly gunzTarPerm modified mode [ 'nan_implementation_pre_12_inl.h', 436, 438 ]
264 silly gunzTarPerm extractEntry nan_maybe_43_inl.h
265 silly gunzTarPerm modified mode [ 'nan_maybe_43_inl.h', 436, 438 ]
266 silly gunzTarPerm extractEntry nan_maybe_pre_43_inl.h
267 silly gunzTarPerm modified mode [ 'nan_maybe_pre_43_inl.h', 436, 438 ]
268 silly gunzTarPerm extractEntry src/JPEGStream.h
269 silly gunzTarPerm modified mode [ 'src/JPEGStream.h', 420, 438 ]
270 silly gunzTarPerm extractEntry src/PNG.h
271 silly gunzTarPerm modified mode [ 'src/PNG.h', 420, 438 ]
272 silly gunzTarPerm extractEntry src/Point.h
273 silly gunzTarPerm modified mode [ 'src/Point.h', 420, 438 ]
274 silly gunzTarPerm extractEntry src/closure.h
275 silly gunzTarPerm modified mode [ 'src/closure.h', 420, 438 ]
276 silly gunzTarPerm extractEntry nan_new.h
277 silly gunzTarPerm modified mode [ 'nan_new.h', 436, 438 ]
278 silly gunzTarPerm extractEntry nan_object_wrap.h
279 silly gunzTarPerm modified mode [ 'nan_object_wrap.h', 436, 438 ]
280 silly gunzTarPerm extractEntry src/color.cc
281 silly gunzTarPerm modified mode [ 'src/color.cc', 420, 438 ]
282 silly gunzTarPerm extractEntry src/color.h
283 silly gunzTarPerm modified mode [ 'src/color.h', 420, 438 ]
284 silly gunzTarPerm extractEntry nan_persistent_12_inl.h
285 silly gunzTarPerm modified mode [ 'nan_persistent_12_inl.h', 436, 438 ]
286 silly gunzTarPerm extractEntry nan_persistent_pre_12_inl.h
287 silly gunzTarPerm modified mode [ 'nan_persistent_pre_12_inl.h', 436, 438 ]
288 silly gunzTarPerm extractEntry src/init.cc
289 silly gunzTarPerm modified mode [ 'src/init.cc', 493, 511 ]
290 silly gunzTarPerm extractEntry util/has_lib.sh
291 silly gunzTarPerm modified mode [ 'util/has_lib.sh', 493, 511 ]
292 silly gunzTarPerm extractEntry nan_string_bytes.h
293 silly gunzTarPerm modified mode [ 'nan_string_bytes.h', 436, 438 ]
294 silly gunzTarPerm extractEntry nan_typedarray_contents.h
295 silly gunzTarPerm modified mode [ 'nan_typedarray_contents.h', 436, 438 ]
296 silly gunzTarPerm extractEntry nan_weak.h
297 silly gunzTarPerm modified mode [ 'nan_weak.h', 436, 438 ]
298 silly gunzTarPerm extractEntry tools/package.json
299 silly gunzTarPerm modified mode [ 'tools/package.json', 436, 438 ]
300 silly gunzTarPerm extractEntry tools/README.md
301 silly gunzTarPerm modified mode [ 'tools/README.md', 436, 438 ]
302 silly gunzTarPerm extractEntry tools/1to2.js
303 silly gunzTarPerm modified mode [ 'tools/1to2.js', 509, 511 ]
304 silly gentlyRm C:\Users\yan\AppData\Roaming\npm\node_modules\.staging\canvas-b22926e2\node_modules is being purged
305 verbose gentlyRm don't care about contents; nuking C:\Users\yan\AppData\Roaming\npm\node_modules\.staging\canvas-b22926e2\node_modules
306 silly gentlyRm C:\Users\yan\AppData\Roaming\npm\node_modules\.staging\nan-d0102703\node_modules is being purged
307 verbose gentlyRm don't care about contents; nuking C:\Users\yan\AppData\Roaming\npm\node_modules\.staging\nan-d0102703\node_modules
308 silly doParallel preinstall 2
309 silly preinstall nan@2.4.0 C:\Users\yan\AppData\Roaming\npm\node_modules\.staging\nan-d0102703
310 info lifecycle nan@2.4.0~preinstall: nan@2.4.0
311 silly preinstall canvas@1.4.0 C:\Users\yan\AppData\Roaming\npm\node_modules\.staging\canvas-b22926e2
312 info lifecycle canvas@1.4.0~preinstall: canvas@1.4.0
313 silly lifecycle nan@2.4.0~preinstall: no script for preinstall, continuing
314 silly lifecycle canvas@1.4.0~preinstall: no script for preinstall, continuing
315 silly doReverseSerial remove 0
316 silly doSerial move 0
317 silly doSerial finalize 2
318 silly finalize C:\Users\yan\AppData\Roaming\npm\node_modules\canvas\node_modules\nan
319 silly finalize C:\Users\yan\AppData\Roaming\npm\node_modules\canvas
320 silly doSerial build 2
321 silly build nan@2.4.0
322 info linkStuff nan@2.4.0
323 silly linkStuff nan@2.4.0 has C:\Users\yan\AppData\Roaming\npm\node_modules\canvas\node_modules as its parent node_modules
324 silly linkStuff nan@2.4.0 is part of a global install
325 silly linkStuff nan@2.4.0 is installed into a global node_modules
326 verbose linkBins nan@2.4.0
327 verbose linkMans nan@2.4.0
328 silly build canvas@1.4.0
329 info linkStuff canvas@1.4.0
330 silly linkStuff canvas@1.4.0 has C:\Users\yan\AppData\Roaming\npm\node_modules as its parent node_modules
331 silly linkStuff canvas@1.4.0 is part of a global install
332 silly linkStuff canvas@1.4.0 is installed into a global node_modules
333 silly linkStuff canvas@1.4.0 is installed into the top-level global node_modules
334 verbose linkBins canvas@1.4.0
335 verbose linkMans canvas@1.4.0
336 silly doSerial global-link 0
337 silly doParallel update-linked 0
338 silly doSerial install 2
339 silly install nan@2.4.0 C:\Users\yan\AppData\Roaming\npm\node_modules\.staging\nan-d0102703
340 info lifecycle nan@2.4.0~install: nan@2.4.0
341 silly lifecycle nan@2.4.0~install: no script for install, continuing
342 silly install canvas@1.4.0 C:\Users\yan\AppData\Roaming\npm\node_modules\.staging\canvas-b22926e2
343 info lifecycle canvas@1.4.0~install: canvas@1.4.0
344 verbose lifecycle canvas@1.4.0~install: unsafe-perm in lifecycle true
345 verbose lifecycle canvas@1.4.0~install: PATH: C:\Program Files\nodejs\node_modules\npm\bin\node-gyp-bin;C:\Users\yan\AppData\Roaming\npm\node_modules\canvas\node_modules\.bin;C:\Users\yan\AppData\Roaming\npm\node_modules\.bin;C:\Program Files\nodejs;C:\Users\yan\.babun\cygwin\home\yan\.local\bin;C:\Users\yan\.babun\cygwin\usr\local\bin;C:\Users\yan\.babun\cygwin\usr\local\bin;C:\Users\yan\.babun\cygwin\bin;C:\Users\yan\.babun\cygwin\home\yan\.local\bin;C:\Program Files\ImageMagick-7.0.1-Q16;C:\ProgramData\Oracle\Java\javapath;C:\Windows\system32;C:\Windows;C:\Windows\System32\Wbem;C:\Windows\System32\WindowsPowerShell\v1.0;C:\Program Files\Intel\WiFi\bin;C:\Program Files\Common Files\Intel\WirelessCommon;C:\Program Files (x86)\Skype\Phone;C:\Program Files\Sublime Text 3;C:\Program Files\nodejs;C:\Program Files\Git\cmd;C:\Program Files\Git\mingw64\bin;C:\Program Files\Git\usr\bin;C:\Android\tools;C:\Android\platform-tools;C:\Program Files\Java\jdk1.8.0_91\bin;%ANT_HOME&\bin;C:\Program Files (x86)\Microsoft VS Code\bin;C:\Users\yan\AppData\Roaming\npm
346 verbose lifecycle canvas@1.4.0~install: CWD: C:\Users\yan\AppData\Roaming\npm\node_modules\canvas
347 silly lifecycle canvas@1.4.0~install: Args: [ '/d /s /c', 'node-gyp rebuild' ]
348 silly lifecycle canvas@1.4.0~install: Returned: code: 1  signal: null
349 info lifecycle canvas@1.4.0~install: Failed to exec install script
350 verbose unlock done using C:\Users\yan\AppData\Roaming\npm-cache\_locks\staging-c4dc7d72cac0af18.lock for C:\Users\yan\AppData\Roaming\npm\node_modules\.staging
351 silly rollbackFailedOptional Starting
352 silly rollbackFailedOptional Finishing
353 silly runTopLevelLifecycles Starting
354 silly runTopLevelLifecycles Finishing
355 silly install printInstalled
356 verbose stack Error: canvas@1.4.0 install: `node-gyp rebuild`
356 verbose stack Exit status 1
356 verbose stack     at EventEmitter.<anonymous> (C:\Program Files\nodejs\node_modules\npm\lib\utils\lifecycle.js:242:16)
356 verbose stack     at emitTwo (events.js:106:13)
356 verbose stack     at EventEmitter.emit (events.js:191:7)
356 verbose stack     at ChildProcess.<anonymous> (C:\Program Files\nodejs\node_modules\npm\lib\utils\spawn.js:40:14)
356 verbose stack     at emitTwo (events.js:106:13)
356 verbose stack     at ChildProcess.emit (events.js:191:7)
356 verbose stack     at maybeClose (internal/child_process.js:852:16)
356 verbose stack     at Process.ChildProcess._handle.onexit (internal/child_process.js:215:5)
357 verbose pkgid canvas@1.4.0
358 verbose cwd C:\xampp\htdocs\take\css\stylus
359 error Windows_NT 6.1.7601
360 error argv "C:\\Program Files\\nodejs\\node.exe" "C:\\Program Files\\nodejs\\node_modules\\npm\\bin\\npm-cli.js" "install" "canvas" "-g"
361 error node v6.3.0
362 error npm  v3.10.3
363 error code ELIFECYCLE
364 error canvas@1.4.0 install: `node-gyp rebuild`
364 error Exit status 1
365 error Failed at the canvas@1.4.0 install script 'node-gyp rebuild'.
365 error Make sure you have the latest version of node.js and npm installed.
365 error If you do, this is most likely a problem with the canvas package,
365 error not with npm itself.
365 error Tell the author that this fails on your system:
365 error     node-gyp rebuild
365 error You can get information on how to open an issue for this project with:
365 error     npm bugs canvas
365 error Or if that isn't available, you can get their info via:
365 error     npm owner ls canvas
365 error There is likely additional logging output above.
366 verbose exit [ 1, true ]
